<?xml version="1.0" encoding="UTF-8"?>
<testsuite xmlns:xsi="http://www.w3.org/2001/XMLSchema-instance" xsi:noNamespaceSchemaLocation="https://maven.apache.org/surefire/maven-failsafe-plugin/xsd/failsafe-test-report-3.0.xsd" version="3.0" name="com.finrisk.dao.impl.UserDaoJdbcIT" time="3.447" tests="1" errors="0" skipped="0" failures="0">
  <properties>
[...]
</properties>
  <testcase name="save_find_roundTrip_and_uniqueEmail" classname="com.finrisk.dao.impl.UserDaoJdbcIT" time="1.092">
    <system-out><![CDATA[10:46:37.252 [main] INFO org.springframework.test.context.support.AnnotationConfigContextLoaderUtils -- Could not detect default configuration classes for test class [com.finrisk.dao.impl.UserDaoJdbcIT]: UserDaoJdbcIT does not declare any static, non-private, non-final, nested classes annotated with @Configuration.
10:46:37.349 [main] INFO org.springframework.boot.test.context.SpringBootTestContextBootstrapper -- Found @SpringBootConfiguration com.finrisk.FinRiskApplication for test class com.finrisk.dao.impl.UserDaoJdbcIT

  .   ____          _            __ _ _
 /\\ / ___'_ __ _ _(_)_ __  __ _ \ \ \ \
( ( )\___ | '_ | '_| | '_ \/ _` | \ \ \ \
 \\/  ___)| |_)| | | | | || (_| |  ) ) ) )
  '  |____| .__|_| |_|_| |_\__, | / / / /
 =========|_|==============|___/=/_/_/_/

 :: Spring Boot ::                (v3.3.6)

2026-05-20T10:46:37.687+01:00  INFO 27642 --- [finrisk-api] [           main] com.finrisk.dao.impl.UserDaoJdbcIT       : Starting UserDaoJdbcIT using Java 21.0.10 with PID 27642 (started by yasser in /home/yasser/Desktop/Development/joint-project)
2026-05-20T10:46:37.688+01:00  INFO 27642 --- [finrisk-api] [           main] com.finrisk.dao.impl.UserDaoJdbcIT       : No active profile set, falling back to 1 default profile: "default"
2026-05-20T10:46:39.345+01:00  INFO 27642 --- [finrisk-api] [           main] o.s.b.a.e.web.EndpointLinksResolver      : Exposing 1 endpoint beneath base path '/actuator'
2026-05-20T10:46:39.402+01:00  INFO 27642 --- [finrisk-api] [           main] com.finrisk.dao.impl.UserDaoJdbcIT       : Started UserDaoJdbcIT in 1.952 seconds (process running for 2.582)
2026-05-20T10:46:40.050+01:00  INFO 27642 --- [finrisk-api] [           main] com.zaxxer.hikari.HikariDataSource       : finrisk-hikari - Starting...
2026-05-20T10:46:40.394+01:00  INFO 27642 --- [finrisk-api] [           main] com.zaxxer.hikari.pool.HikariPool        : finrisk-hikari - Added connection ConnectionID:1 ClientConnectionId: 0ef8ad2d-586f-409c-9605-f28fc0f747a7
2026-05-20T10:46:40.396+01:00  INFO 27642 --- [finrisk-api] [           main] com.zaxxer.hikari.HikariDataSource       : finrisk-hikari - Start completed.
]]></system-out>
    <system-err><![CDATA[WARNING: A Java agent has been loaded dynamically (/home/yasser/.m2/repository/net/bytebuddy/byte-buddy-agent/1.14.19/byte-buddy-agent-1.14.19.jar)
WARNING: If a serviceability tool is in use, please run with -XX:+EnableDynamicAgentLoading to hide this warning
WARNING: If a serviceability tool is not in use, please run with -Djdk.instrument.traceUsage for more information
WARNING: Dynamic loading of agents will be disallowed by default in a future release
]]></system-err>
  </testcase>
</testsuite>