<?xml version="1.0" encoding="UTF-8"?>
<testsuite xmlns:xsi="http://www.w3.org/2001/XMLSchema-instance" xsi:noNamespaceSchemaLocation="https://maven.apache.org/surefire/maven-failsafe-plugin/xsd/failsafe-test-report-3.0.xsd" version="3.0" name="com.finrisk.dao.impl.UserDaoJdbcIT" time="34.456" tests="1" errors="1" skipped="0" failures="0">
  <properties>
[...]
</properties>
  <testcase name="save_find_roundTrip_and_uniqueEmail" classname="com.finrisk.dao.impl.UserDaoJdbcIT" time="31.494">
    <error message="Failed to initialize pool: The TCP/IP connection to the host localhost, port 1433 has failed. Error: &quot;Connection refused. Verify the connection properties. Make sure that an instance of SQL Server is running on the host and accepting TCP/IP connections at the port. Make sure that TCP connections to the port are not blocked by a firewall.&quot;." type="com.zaxxer.hikari.pool.HikariPool$PoolInitializationException"><![CDATA[com.zaxxer.hikari.pool.HikariPool$PoolInitializationException: Failed to initialize pool: The TCP/IP connection to the host localhost, port 1433 has failed. Error: "Connection refused. Verify the connection properties. Make sure that an instance of SQL Server is running on the host and accepting TCP/IP connections at the port. Make sure that TCP connections to the port are not blocked by a firewall.".
	at com.zaxxer.hikari.pool.HikariPool.throwPoolInitializationException(HikariPool.java:584)
	at com.zaxxer.hikari.pool.HikariPool.checkFailFast(HikariPool.java:571)
	at com.zaxxer.hikari.pool.HikariPool.<init>(HikariPool.java:98)
	at com.zaxxer.hikari.HikariDataSource.<init>(HikariDataSource.java:80)
	at com.finrisk.config.DatabaseConnection.buildHikariDataSource(DatabaseConnection.java:67)
	at com.finrisk.config.DatabaseConnection.getDataSource(DatabaseConnection.java:30)
	at com.finrisk.config.DatabaseConnection.getConnection(DatabaseConnection.java:37)
	at com.finrisk.util.Db.insertReturning(Db.java:148)
	at com.finrisk.dao.impl.UserDaoJdbc.save(UserDaoJdbc.java:83)
	at java.base/jdk.internal.reflect.DirectMethodHandleAccessor.invoke(DirectMethodHandleAccessor.java:103)
	at java.base/java.lang.reflect.Method.invoke(Method.java:580)
	at org.springframework.aop.support.AopUtils.invokeJoinpointUsingReflection(AopUtils.java:355)
	at org.springframework.aop.framework.ReflectiveMethodInvocation.invokeJoinpoint(ReflectiveMethodInvocation.java:196)
	at org.springframework.aop.framework.ReflectiveMethodInvocation.proceed(ReflectiveMethodInvocation.java:163)
	at org.springframework.aop.framework.CglibAopProxy$CglibMethodInvocation.proceed(CglibAopProxy.java:768)
	at org.springframework.dao.support.PersistenceExceptionTranslationInterceptor.invoke(PersistenceExceptionTranslationInterceptor.java:138)
	at org.springframework.aop.framework.ReflectiveMethodInvocation.proceed(ReflectiveMethodInvocation.java:184)
	at org.springframework.aop.framework.CglibAopProxy$CglibMethodInvocation.proceed(CglibAopProxy.java:768)
	at org.springframework.aop.framework.CglibAopProxy$DynamicAdvisedInterceptor.intercept(CglibAopProxy.java:720)
	at com.finrisk.dao.impl.UserDaoJdbc$$SpringCGLIB$$0.save(<generated>)
	at com.finrisk.dao.impl.UserDaoJdbcIT.save_find_roundTrip_and_uniqueEmail(UserDaoJdbcIT.java:28)
	at java.base/java.lang.reflect.Method.invoke(Method.java:580)
	at java.base/java.util.ArrayList.forEach(ArrayList.java:1596)
	at java.base/java.util.ArrayList.forEach(ArrayList.java:1596)
Caused by: com.microsoft.sqlserver.jdbc.SQLServerException: The TCP/IP connection to the host localhost, port 1433 has failed. Error: "Connection refused. Verify the connection properties. Make sure that an instance of SQL Server is running on the host and accepting TCP/IP connections at the port. Make sure that TCP connections to the port are not blocked by a firewall.".
	at com.microsoft.sqlserver.jdbc.SQLServerException.makeFromDriverError(SQLServerException.java:233)
	at com.microsoft.sqlserver.jdbc.SQLServerException.convertConnectExceptionToSQLServerException(SQLServerException.java:284)
	at com.microsoft.sqlserver.jdbc.SocketFinder.findSocket(IOBuffer.java:2592)
	at com.microsoft.sqlserver.jdbc.TDSChannel.open(IOBuffer.java:720)
	at com.microsoft.sqlserver.jdbc.SQLServerConnection.connectHelper(SQLServerConnection.java:3770)
	at com.microsoft.sqlserver.jdbc.SQLServerConnection.login(SQLServerConnection.java:3355)
	at com.microsoft.sqlserver.jdbc.SQLServerConnection.connectInternal(SQLServerConnection.java:3180)
	at com.microsoft.sqlserver.jdbc.SQLServerConnection.connect(SQLServerConnection.java:1963)
	at com.microsoft.sqlserver.jdbc.SQLServerDriver.connect(SQLServerDriver.java:1259)
	at com.zaxxer.hikari.util.DriverDataSource.getConnection(DriverDataSource.java:137)
	at com.zaxxer.hikari.pool.PoolBase.newConnection(PoolBase.java:360)
	at com.zaxxer.hikari.pool.PoolBase.newPoolEntry(PoolBase.java:202)
	at com.zaxxer.hikari.pool.HikariPool.createPoolEntry(HikariPool.java:461)
	at com.zaxxer.hikari.pool.HikariPool.checkFailFast(HikariPool.java:550)
	... 22 more
]]></error>
    <system-out><![CDATA[08:52:29.661 [main] INFO org.springframework.test.context.support.AnnotationConfigContextLoaderUtils -- Could not detect default configuration classes for test class [com.finrisk.dao.impl.UserDaoJdbcIT]: UserDaoJdbcIT does not declare any static, non-private, non-final, nested classes annotated with @Configuration.
08:52:29.789 [main] INFO org.springframework.boot.test.context.SpringBootTestContextBootstrapper -- Found @SpringBootConfiguration com.finrisk.FinRiskApplication for test class com.finrisk.dao.impl.UserDaoJdbcIT

  .   ____          _            __ _ _
 /\\ / ___'_ __ _ _(_)_ __  __ _ \ \ \ \
( ( )\___ | '_ | '_| | '_ \/ _` | \ \ \ \
 \\/  ___)| |_)| | | | | || (_| |  ) ) ) )
  '  |____| .__|_| |_|_| |_\__, | / / / /
 =========|_|==============|___/=/_/_/_/

 :: Spring Boot ::                (v3.3.6)

2026-05-16T08:52:30.197+01:00  INFO 10111 --- [finrisk-api] [           main] com.finrisk.dao.impl.UserDaoJdbcIT       : Starting UserDaoJdbcIT using Java 21.0.10 with PID 10111 (started by yasser in /home/yasser/Desktop/Development/joint-project)
2026-05-16T08:52:30.199+01:00  INFO 10111 --- [finrisk-api] [           main] com.finrisk.dao.impl.UserDaoJdbcIT       : No active profile set, falling back to 1 default profile: "default"
2026-05-16T08:52:32.277+01:00  INFO 10111 --- [finrisk-api] [           main] o.s.b.a.e.web.EndpointLinksResolver      : Exposing 1 endpoint beneath base path '/actuator'
2026-05-16T08:52:32.330+01:00  INFO 10111 --- [finrisk-api] [           main] com.finrisk.dao.impl.UserDaoJdbcIT       : Started UserDaoJdbcIT in 2.407 seconds (process running for 3.346)
2026-05-16T08:52:33.156+01:00  INFO 10111 --- [finrisk-api] [           main] com.zaxxer.hikari.HikariDataSource       : finrisk-hikari - Starting...
]]></system-out>
    <system-err><![CDATA[WARNING: A Java agent has been loaded dynamically (/home/yasser/.m2/repository/net/bytebuddy/byte-buddy-agent/1.14.19/byte-buddy-agent-1.14.19.jar)
WARNING: If a serviceability tool is in use, please run with -XX:+EnableDynamicAgentLoading to hide this warning
WARNING: If a serviceability tool is not in use, please run with -Djdk.instrument.traceUsage for more information
WARNING: Dynamic loading of agents will be disallowed by default in a future release
]]></system-err>
  </testcase>
</testsuite>