<?xml version="1.0" encoding="UTF-8"?>
<testsuite xmlns:xsi="http://www.w3.org/2001/XMLSchema-instance" xsi:noNamespaceSchemaLocation="https://maven.apache.org/surefire/maven-failsafe-plugin/xsd/failsafe-test-report-3.0.xsd" version="3.0" name="com.finrisk.api.UserApiIT" time="1.763" tests="1" errors="0" skipped="0" failures="0">
  <properties>
[...]
</properties>
  <testcase name="create_and_get_user" classname="com.finrisk.api.UserApiIT" time="1.134">
    <system-out><![CDATA[2026-05-13T11:33:02.823+01:00  INFO 50385 --- [finrisk-api] [           main] t.c.s.AnnotationConfigContextLoaderUtils : Could not detect default configuration classes for test class [com.finrisk.api.UserApiIT]: UserApiIT does not declare any static, non-private, non-final, nested classes annotated with @Configuration.
2026-05-13T11:33:02.834+01:00  INFO 50385 --- [finrisk-api] [           main] .b.t.c.SpringBootTestContextBootstrapper : Found @SpringBootConfiguration com.finrisk.FinRiskApplication for test class com.finrisk.api.UserApiIT
2026-05-13T11:33:02.836+01:00  INFO 50385 --- [finrisk-api] [           main] com.zaxxer.hikari.HikariDataSource       : finrisk-hikari - Shutdown initiated...
2026-05-13T11:33:02.865+01:00  INFO 50385 --- [finrisk-api] [           main] com.zaxxer.hikari.HikariDataSource       : finrisk-hikari - Shutdown completed.

  .   ____          _            __ _ _
 /\\ / ___'_ __ _ _(_)_ __  __ _ \ \ \ \
( ( )\___ | '_ | '_| | '_ \/ _` | \ \ \ \
 \\/  ___)| |_)| | | | | || (_| |  ) ) ) )
  '  |____| .__|_| |_|_| |_\__, | / / / /
 =========|_|==============|___/=/_/_/_/

 :: Spring Boot ::                (v3.3.6)

2026-05-13T11:33:02.888+01:00  INFO 50385 --- [finrisk-api] [           main] com.finrisk.api.UserApiIT                : Starting UserApiIT using Java 21.0.10 with PID 50385 (started by yasser in /home/yasser/Desktop/Development/joint-project)
2026-05-13T11:33:02.888+01:00  INFO 50385 --- [finrisk-api] [           main] com.finrisk.api.UserApiIT                : No active profile set, falling back to 1 default profile: "default"
2026-05-13T11:33:03.199+01:00  INFO 50385 --- [finrisk-api] [           main] o.s.b.w.embedded.tomcat.TomcatWebServer  : Tomcat initialized with port 0 (http)
2026-05-13T11:33:03.218+01:00  INFO 50385 --- [finrisk-api] [           main] o.apache.catalina.core.StandardService   : Starting service [Tomcat]
2026-05-13T11:33:03.218+01:00  INFO 50385 --- [finrisk-api] [           main] o.apache.catalina.core.StandardEngine    : Starting Servlet engine: [Apache Tomcat/10.1.33]
2026-05-13T11:33:03.261+01:00  INFO 50385 --- [finrisk-api] [           main] o.a.c.c.C.[Tomcat].[localhost].[/]       : Initializing Spring embedded WebApplicationContext
2026-05-13T11:33:03.261+01:00  INFO 50385 --- [finrisk-api] [           main] w.s.c.ServletWebServerApplicationContext : Root WebApplicationContext: initialization completed in 372 ms
2026-05-13T11:33:03.412+01:00  INFO 50385 --- [finrisk-api] [           main] o.s.b.a.e.web.EndpointLinksResolver      : Exposing 1 endpoint beneath base path '/actuator'
2026-05-13T11:33:03.440+01:00  INFO 50385 --- [finrisk-api] [           main] o.s.b.w.embedded.tomcat.TomcatWebServer  : Tomcat started on port 38649 (http) with context path '/'
2026-05-13T11:33:03.444+01:00  INFO 50385 --- [finrisk-api] [           main] com.finrisk.api.UserApiIT                : Started UserApiIT in 0.577 seconds (process running for 4.201)
2026-05-13T11:33:03.988+01:00  INFO 50385 --- [finrisk-api] [o-auto-1-exec-1] o.a.c.c.C.[Tomcat].[localhost].[/]       : Initializing Spring DispatcherServlet 'dispatcherServlet'
2026-05-13T11:33:03.988+01:00  INFO 50385 --- [finrisk-api] [o-auto-1-exec-1] o.s.web.servlet.DispatcherServlet        : Initializing Servlet 'dispatcherServlet'
2026-05-13T11:33:03.989+01:00  INFO 50385 --- [finrisk-api] [o-auto-1-exec-1] o.s.web.servlet.DispatcherServlet        : Completed initialization in 1 ms
2026-05-13T11:33:04.101+01:00  INFO 50385 --- [finrisk-api] [o-auto-1-exec-1] com.zaxxer.hikari.HikariDataSource       : finrisk-hikari - Starting...
2026-05-13T11:33:04.117+01:00  INFO 50385 --- [finrisk-api] [o-auto-1-exec-1] com.zaxxer.hikari.pool.HikariPool        : finrisk-hikari - Added connection ConnectionID:4 ClientConnectionId: 2a0103e1-5d54-46de-a0af-aae9b2a6573b
2026-05-13T11:33:04.118+01:00  INFO 50385 --- [finrisk-api] [o-auto-1-exec-1] com.zaxxer.hikari.HikariDataSource       : finrisk-hikari - Start completed.
]]></system-out>
  </testcase>
</testsuite>